<?xml version="1.0" encoding="UTF-8"?>
<!-- Generated by org.testng.reporters.JUnitReportReporter -->
<testsuite hostname="Dhanu" failures="0" tests="1" name="org.putitrightdone.TestCases.TestCaseSearchProduct" time="11.511" errors="0" timestamp="2024-04-07T19:41:37 IST" skipped="0">
  <testcase classname="org.putitrightdone.TestCases.TestCaseSearchProduct" name="TestCase_PlacingNewOrder_Amazon" time="11.511">
    <system-out>
      <![CDATA[================= Placing order For  ============ <br>
Test case : Placing order for Product - LES Mills <br>]]>
    </system-out>
  </testcase> <!-- TestCase_PlacingNewOrder_Amazon -->
  <system-out>
    <![CDATA[================= Placing order For  ============ <br>
Test case : Placing order for Product - LES Mills <br>]]>
  </system-out>
</testsuite> <!-- org.putitrightdone.TestCases.TestCaseSearchProduct -->
